0 verbose cli [ '/usr/bin/node', '/usr/bin/npm', 'install', 'yarn', '--global' ]
1 info using npm@7.5.2
2 info using node@v12.22.5
3 timing config:load:defaults Completed in 1ms
4 timing config:load:file:/usr/share/nodejs/npm/npmrc Completed in 1ms
5 timing config:load:builtin Completed in 2ms
6 timing config:load:cli Completed in 2ms
7 timing config:load:env Completed in 0ms
8 timing config:load:project Completed in 0ms
9 timing config:load:file:/aulas-back/.npmrc Completed in 0ms
10 timing config:load:user Completed in 0ms
11 timing config:load:file:/etc/npmrc Completed in 0ms
12 timing config:load:global Completed in 0ms
13 timing config:load:cafile Completed in 1ms
14 timing config:load:validate Completed in 0ms
15 timing config:load:setUserAgent Completed in 0ms
16 timing config:load:setEnvs Completed in 1ms
17 timing config:load Completed in 8ms
18 verbose npm-session ad85124f86c6a007
19 timing npm:load Completed in 15ms
20 timing arborist:ctor Completed in 0ms
21 timing idealTree:init Completed in 8ms
22 timing idealTree:userRequests Completed in 2ms
23 silly idealTree buildDeps
24 silly fetch manifest yarn@*
25 http fetch GET 200 https://registry.npmjs.org/yarn 19ms (from cache)
26 silly placeDep ROOT yarn@1.22.17 OK for:  want: *
27 timing idealTree:#root Completed in 32ms
28 timing idealTree:node_modules/yarn Completed in 0ms
29 timing idealTree:buildDeps Completed in 34ms
30 timing idealTree:fixDepFlags Completed in 1ms
31 timing idealTree Completed in 46ms
32 timing reify:loadTrees Completed in 52ms
33 timing reify:diffTrees Completed in 1ms
34 silly reify moves {}
35 timing reify:retireShallow Completed in 0ms
36 timing reify:rollback:createSparse Completed in 0ms
37 timing reify:rollback:retireShallow Completed in 0ms
38 timing command:install Completed in 65ms
39 verbose stack Error: EACCES: permission denied, mkdir '/usr/local/lib/node_modules'
40 verbose cwd /aulas-back
41 verbose Linux 5.11.0-38-generic
42 verbose argv "/usr/bin/node" "/usr/bin/npm" "install" "yarn" "--global"
43 verbose node v12.22.5
44 verbose npm  v7.5.2
45 error code EACCES
46 error syscall mkdir
47 error path /usr/local/lib/node_modules
48 error errno -13
49 error Error: EACCES: permission denied, mkdir '/usr/local/lib/node_modules'
49 error  [Error: EACCES: permission denied, mkdir '/usr/local/lib/node_modules'] {
49 error   errno: -13,
49 error   code: 'EACCES',
49 error   syscall: 'mkdir',
49 error   path: '/usr/local/lib/node_modules'
49 error }
50 error The operation was rejected by your operating system.
50 error It is likely you do not have the permissions to access this file as the current user
50 error
50 error If you believe this might be a permissions issue, please double-check the
50 error permissions of the file and its containing directories, or try running
50 error the command again as root/Administrator.
51 verbose exit -13
